
Simulated 507591125 instructions in 11793405 host ticks (43.040252 MIPS)
In 1632426429 simulated clock cycles, CPI = 3.216026
10094 :    1454607    0   1       0   0   0    add_number          :   ADDI sp, sp, -32
10098 :    1454607    0   1     100   0   0                            SW ra, 28(sp)
1009c :    1454607    0   1     100   0   0                            SW s0, 24(sp)
100a0 :    1454607    0   1     100   0   0                            SW s1, 20(sp)
100a4 :    1454607    0   1     100   0   0                            SW s2, 16(sp)
100a8 :    1454607    0   1     100   0   0                            SW s3, 12(sp)
100ac :    1454607    0   1     100   0   0                            SW s4, 8(sp)
100b0 :    1454607    0   1       0   0   0                            ADDI s2, a0, 0
100b4 :    1454607    0   1       0   0   0                            LUI s0, 0x40000
100b8 :    1454607    0   1       0   0   0                            LUI s3, 0x11
100bc :    1454607    0   1       0   0   0                            ADDI s3, s3, 0
100c0 :    1454607    0   1       0   0   0                            ADDI s4, zero, 1
100c4 :    1454607    0   1       0   0   0                            J 10198
100c8 :    1454586    0   1       0   0   0                            ADDI a0, zero, 16
100cc :    1454586    0   1       0   0   0                            CALL 10808
100d0 :    1454586    0   1      99   0   0                            SW a0, 0(s3)
100d4 :    1454586    0   1       0   0   0                            ADDI a5, zero, 1
100d8 :    1454586    0   1      99   0   0                            SW a5, 0(a0)
100dc :    1454586    0   1      87   1  10                            SW s2, 4(a0)
100e0 :    1454586    0   1       0   0   0                            ANDI s2, s2, 1
100e4 :    1454586    0   1       0   0   0                            SLTIU a5, s2, 1
100e8 :    1454586    0   1     100   0   0                            SW a5, 8(a0)
100ec :    1454586    0   1       0   0   0                            SLTU s2, zero, s2
100f0 :    1454586    0   1      87   2   9                            SW s2, 12(a0)
100f4 :    1454586    0   1       0   0   0                            J 10164
100f8 :    1452314    0   1       0   0   0                            AND a4, a5, s0
100fc :    1452314    0   1       0   0   0                            BNE a4, zero, 1010c
10100 :    1149904    0   1       0   0   0                            SRAI s0, s0, 1
10104 :    1149904    0   1       0   0   0                            AND a4, a5, s0
10108 :    1149904    0   1       0   0   0                            BEQ a4, zero, 10100
1010c :    1452314    0   1       0   0   0                            ADDI a0, zero, 16
10110 :    1452314    0   1       0   0   0                            CALL 10808
10114 :    1452314    0   1      98   1   0                            SW a0, 0(s3)
10118 :    1452314    0   1      99   0   0                            SW s0, 0(a0)
1011c :    1452314    0   1      87   1  10                            SW s2, 4(a0)
10120 :    1452314    0   1       0   0   0                            AND a5, s2, s0
10124 :    1452314    0   1       0   0   0                            BNE a5, zero, 10140
10128 :     726599    0   1      87   2   9                            SW s1, 12(a0)
1012c :     726599    0   1     100   0   0                            SW zero, 8(a0)
10130 :     726599    0   1       0   0   0                            ADDI s3, a0, 8
10134 :    1452314    0   1       0   0   0                            SRAI s0, s0, 1
10138 :    1452314    0   1       0   0   0                            BLT zero, s0, 10198
1013c :          0    0   0       0   0   0                            J 10164
10140 :     725715    0   1     100   0   0                            SW s1, 8(a0)
10144 :     725715    0   1      87   2   9                            SW zero, 12(a0)
10148 :     725715    0   1       0   0   0                            ADDI s3, a0, 12
1014c :     725715    0   1       0   0   0                            J 10134
10150 :         21    0   1       0   0   0                            ANDI s2, s2, 1
10154 :         21    0   1       0   0   0                            BEQ s2, zero, 10184
10158 :          6    0   4     100   0   0                            LW a5, 12(s1)
1015c :          6    3   1       0   0   0                            ADDI a5, a5, 1
10160 :          6    0   1     100   0   0                            SW a5, 12(s1)
10164 :    1454607    0   5      91   8   0                            LW ra, 28(sp)
10168 :    1454607    0   4     100   0   0                            LW s0, 24(sp)
1016c :    1454607    0   4     100   0   0                            LW s1, 20(sp)
10170 :    1454607    0   4     100   0   0                            LW s2, 16(sp)
10174 :    1454607    0   4     100   0   0                            LW s3, 12(sp)
10178 :    1454607    0   4     100   0   0                            LW s4, 8(sp)
1017c :    1454607    0   1       0   0   0                            ADDI sp, sp, 32
10180 :    1454607    0   1       0   0   0                            RET
10184 :         15    0   4     100   0   0                            LW a5, 8(s1)
10188 :         15    3   1       0   0   0                            ADDI a5, a5, 1
1018c :         15    0   1     100   0   0                            SW a5, 8(s1)
10190 :         15    0   1       0   0   0                            J 10164
10194 :   15767513    0   1       0   0   0                            SRAI s0, s0, 1
10198 :   18674434    0   7      90   5   3                            LW s1, 0(s3)
1019c :   18674434    6   1       0   0   0                            BEQ s1, zero, 100c8
101a0 :   17219848    0  28      39  35  25                            LW a4, 0(s1)
101a4 :   17219848   27   1       0   0   0                            BGE a4, s0, 101d0
101a8 :    1698867    0  10      88   3   8                            LW a5, 4(s1)
101ac :    1698867    9   1       0   0   0                            XOR a5, s2, a5
101b0 :    1698867    0   1       0   0   0                            ADDI a3, s0, -1
101b4 :    1698867    0   1       0   0   0                            ADD a3, a3, s0
101b8 :    1698867    0   1       0   0   0                            AND a5, a5, a3
101bc :    1698867    0   1       0   0   0                            SUB a3, zero, a4
101c0 :    1698867    0   1       0   0   0                            SUB a3, a3, a4
101c4 :    1698867    0   1       0   0   0                            AND a5, a5, a3
101c8 :    1698867    0   1       0   0   0                            BNE a5, zero, 100f8
101cc :     246553    0   1       0   0   0                            ADDI s0, a4, 0
101d0 :   15767534    0   1       0   0   0                            BGE s4, s0, 10150
101d4 :   15767513    0   1       0   0   0                            AND a5, s0, s2
101d8 :   15767513    0   1       0   0   0                            ADDI s3, s1, 8
101dc :   15767513    0   1       0   0   0                            BEQ a5, zero, 10194
101e0 :    7882889    0   1       0   0   0                            ADDI s3, s1, 12
101e4 :    7882889    0   1       0   0   0                            J 10194
101e8 :    2947830    0   1       0   0   0    take_numbers_2      :   ADDI sp, sp, -32
101ec :    2947830    0   1      98   1   0                            SW ra, 28(sp)
101f0 :    2947830    0   1     100   0   0                            SW s0, 24(sp)
101f4 :    2947830    0   1     100   0   0                            SW s1, 20(sp)
101f8 :    2947830    0   1     100   0   0                            SW s2, 16(sp)
101fc :    2947830    0   1     100   0   0                            SW s3, 12(sp)
10200 :    2947830    0   1       0   0   0                            ADDI s0, a1, 0
10204 :    2947830    0   1       0   0   0                            BGEU a1, a2, 10274
10208 :    2937091    0   1       0   0   0                            ADDI s3, a0, 0
1020c :    2937091    0   1       0   0   0                            ADDI s2, a2, 0
10210 :    2937091    0  15      87   1  10                            LW s1, 0(a0)
10214 :    2937091   14   1       0   0   0                            BEQ s1, zero, 10274
10218 :    2927675    0  97       2  12  85                            LW a4, 0(s1)
1021c :    2927675    0   1       0   0   0                            ADDI a5, zero, 1
10220 :    2927675   95   1       0   0   0                            BNE a4, a5, 10250
10224 :    2181614    0  11      91   0   7                            LW a5, 8(s1)
10228 :    2181614   10   1       0   0   0                            BEQ a5, zero, 102c4
1022c :     727877    0   1       0   0   0                            ADDI s0, s0, 4
10230 :     727877    0   4     100   0   0                            LW a5, 4(s1)
10234 :     727877    3   1       0   0   0                            ANDI a5, a5, -2
10238 :     727877    0   1      92   3   4                            SW a5, -4(s0)
1023c :     727877    0   4      99   0   0                            LW a5, 8(s1)
10240 :     727877    3   1       0   0   0                            ADDI a5, a5, -1
10244 :     727877    0   1     100   0   0                            SW a5, 8(s1)
10248 :     727877    0   1       0   0   0                            BLTU s0, s2, 10224
1024c :        849    0   1       0   0   0                            J 102f0
10250 :    1473089    0   1       0   0   0                            ADDI a0, s1, 8
10254 :    1473089    0   1       0   0   0                            CALL 101e8
10258 :    1473089    0   1       0   0   0                            ADDI a1, a0, 0
1025c :    1473089    0   1       0   0   0                            ADDI a2, s2, 0
10260 :    1473089    0   1       0   0   0                            ADDI a0, s1, 12
10264 :    1473089    0   1       0   0   0                            CALL 101e8
10268 :    1473089    0   1       0   0   0                            ADDI s0, a0, 0
1026c :    1473089    0   4      98   0   0                            LW a5, 8(s1)
10270 :    1473089    3   1       0   0   0                            BEQ a5, zero, 10294
10274 :    2947830    0   1       0   0   0                            ADDI a0, s0, 0
10278 :    2947830    0   4      97   2   0                            LW ra, 28(sp)
1027c :    2947830    0   4     100   0   0                            LW s0, 24(sp)
10280 :    2947830    0   4     100   0   0                            LW s1, 20(sp)
10284 :    2947830    0   4     100   0   0                            LW s2, 16(sp)
10288 :    2947830    0   4     100   0   0                            LW s3, 12(sp)
1028c :    2947830    0   1       0   0   0                            ADDI sp, sp, 32
10290 :    2947830    0   1       0   0   0                            RET
10294 :    1464001    0   4      99   0   0                            LW a5, 12(s1)
10298 :    1464001    3   1       0   0   0                            BNE a5, zero, 10274
1029c :    1452314    0   1       0   0   0                            ADDI a0, s1, 0
102a0 :    1452314    0   1       0   0   0                            CALL 10904
102a4 :    1452314    0   1      91   7   0                            SW zero, 0(s3)
102a8 :    1452314    0   1       0   0   0                            J 10274
102ac :    1452934    0   4      99   0   0                            LW a5, 8(s1)
102b0 :    1452934    3   1       0   0   0                            BNE a5, zero, 10274
102b4 :    1454586    0   1       0   0   0                            ADDI a0, s1, 0
102b8 :    1454586    0   1       0   0   0                            CALL 10904
102bc :    1454586    0   1      99   0   0                            SW zero, 0(s3)
102c0 :    1454586    0   1       0   0   0                            J 10274
102c4 :    1453737    0   1       0   0   0                            BGEU s0, s2, 102f8
102c8 :    2179664    0  11      91   1   7                            LW a5, 12(s1)
102cc :    2179664   10   1       0   0   0                            BEQ a5, zero, 102ac
102d0 :     726730    0   1       0   0   0                            ADDI s0, s0, 4
102d4 :     726730    0   4     100   0   0                            LW a5, 4(s1)
102d8 :     726730    3   1       0   0   0                            ORI a5, a5, 1
102dc :     726730    0   1      92   3   4                            SW a5, -4(s0)
102e0 :     726730    0   4      99   0   0                            LW a5, 12(s1)
102e4 :     726730    3   1       0   0   0                            ADDI a5, a5, -1
102e8 :     726730    0   1     100   0   0                            SW a5, 12(s1)
102ec :     726730    0   1       0   0   0                            BLTU s0, s2, 102c8
102f0 :       1652    0   4     100   0   0                            LW a5, 8(s1)
102f4 :       1652    3   1       0   0   0                            BNE a5, zero, 10274
102f8 :       1652    0  10      93   0   6                            LW a5, 12(s1)
102fc :       1652    9   1       0   0   0                            BNE a5, zero, 10274
10300 :       1652    0   1       0   0   0                            J 102b4
10304 :       1652    0   1       0   0   0    take_numbers        :   ADDI sp, sp, -16
10308 :       1652    0   1     100   0   0                            SW ra, 12(sp)
1030c :       1652    0   1     100   0   0                            SW s0, 8(sp)
10310 :       1652    0   1       0   0   0                            ADDI s0, a0, 0
10314 :       1652    0   1       0   0   0                            SLLI a2, a1, 2
10318 :       1652    0   1       0   0   0                            ADD a2, a0, a2
1031c :       1652    0   1       0   0   0                            ADDI a1, a0, 0
10320 :       1652    0   1       0   0   0                            LUI a0, 0x11
10324 :       1652    0   1       0   0   0                            ADDI a0, a0, 0
10328 :       1652    0   1       0   0   0                            CALL 101e8
1032c :       1652    0   1       0   0   0                            SUB a0, a0, s0
10330 :       1652    0   1       0   0   0                            SRAI a0, a0, 2
10334 :       1652    0   4     100   0   0                            LW ra, 12(sp)
10338 :       1652    0   4     100   0   0                            LW s0, 8(sp)
1033c :       1652    0   1       0   0   0                            ADDI sp, sp, 16
10340 :       1652    1   1       0   0   0                            RET
10344 :          1    1   1       0   0   0    release_tree        :   BEQ a0, zero, 10390
10348 :          0    0   0       0   0   0                            ADDI sp, sp, -16
1034c :          0    0   0       0   0   0                            SW ra, 12(sp)
10350 :          0    0   0       0   0   0                            SW s0, 8(sp)
10354 :          0    0   0       0   0   0                            ADDI s0, a0, 0
10358 :          0    0   0       0   0   0                            LW a4, 0(a0)
1035c :          0    0   0       0   0   0                            ADDI a5, zero, 1
10360 :          0    0   0       0   0   0                            BLT a5, a4, 1037c
10364 :          0    0   0       0   0   0                            ADDI a0, s0, 0
10368 :          0    0   0       0   0   0                            CALL 10904
1036c :          0    0   0       0   0   0                            LW ra, 12(sp)
10370 :          0    0   0       0   0   0                            LW s0, 8(sp)
10374 :          0    0   0       0   0   0                            ADDI sp, sp, 16
10378 :          0    0   0       0   0   0                            RET
1037c :          0    0   0       0   0   0                            LW a0, 8(a0)
10380 :          0    0   0       0   0   0                            CALL 10344
10384 :          0    0   0       0   0   0                            LW a0, 12(s0)
10388 :          0    0   0       0   0   0                            CALL 10344
1038c :          0    0   0       0   0   0                            J 10364
10390 :          1    0   1       0   0   0                            RET
10394 :          1    0   1       0   0   0    main                :   ADDI sp, sp, -2032
10398 :          1    0   1     100   0   0                            SW ra, 2028(sp)
1039c :          1    0   1     100   0   0                            SW s0, 2024(sp)
103a0 :          1    0   1     100   0   0                            SW s1, 2020(sp)
103a4 :          1    0   1     100   0   0                            SW s2, 2016(sp)
103a8 :          1    0   1     100   0   0                            SW s3, 2012(sp)
103ac :          1    0   1     100   0   0                            SW s4, 2008(sp)
103b0 :          1    0   1     100   0   0                            SW s5, 2004(sp)
103b4 :          1    0   1     100   0   0                            SW s6, 2000(sp)
103b8 :          1    0   1     100   0   0                            SW s7, 1996(sp)
103bc :          1    0   1     100   0   0                            SW s8, 1992(sp)
103c0 :          1    0   1     100   0   0                            SW s9, 1988(sp)
103c4 :          1    0   1     100   0   0                            SW s10, 1984(sp)
103c8 :          1    0   1       0   0 100                            SW s11, 1980(sp)
103cc :          1    0   1       0   0   0                            LUI t0, 0xfffff
103d0 :          1    0   1       0   0   0                            ADDI t0, t0, -1936
103d4 :          1    0   1       0   0   0                            ADD sp, sp, t0
103d8 :          1    0   1       0   0   0                            ADDI s0, a1, 0
103dc :          1    0   1       0   0   0                            ADDI a5, zero, 3
103e0 :          1   29   1       0   0   0                            BNE a0, a5, 10474
103e4 :          1    0   1       0   0   0                            LUI a1, 0x11
103e8 :          1    0   1       0   0   0                            ADDI a1, a1, -1696
103ec :          1    0   4     100   0   0                            LW a0, 4(s0)
103f0 :          1    0   1       0   0   0                            CALL 10650
103f4 :          1    0   1       0   0   0                            ADDI s9, a0, 0
103f8 :          1    0   1       0   0   0                            BLT a0, zero, 1048c
103fc :          1    0   1       0   0   0                            LUI a1, 0x11
10400 :          1    0   1       0   0   0                            ADDI a1, a1, -1664
10404 :          1    0   4     100   0   0                            LW a0, 8(s0)
10408 :          1    0   1       0   0   0                            CALL 10650
1040c :          1    0   1       0   0   0                            ADDI s2, a0, 0
10410 :          1    0   1       0   0   0                            BLT a0, zero, 1049c
10414 :          1    0   1       0   0   0                            LUI s10, 0xffffe
10418 :          1    0   1       0   0   0                            ADDI s10, s10, 192
1041c :          1    0   1       0   0   0                            LUI a4, 0x2
10420 :          1    0   1       0   0   0                            ADDI a5, a4, -192
10424 :          1    0   1       0   0   0                            ADD a5, a5, s10
10428 :          1    0   1       0   0   0                            ADD s11, a5, sp
1042c :          1    0   1       0   0   0                            ADDI s5, zero, 1000
10430 :          1    0   1       0   0   0                            LUI s1, 0xfffff
10434 :          1    0   1       0   0   0                            ADDI s1, s1, 96
10438 :          1    0   1       0   0   0                            ADDI a5, a4, -192
1043c :          1    0   1       0   0   0                            ADD a5, a5, s1
10440 :          1    0   1       0   0   0                            ADD s1, a5, sp
10444 :      14553    0   1       0   0   0                            ADDI a2, zero, 100
10448 :      14553    0   1       0   0   0                            ADDI a1, s11, 0
1044c :      14553    0   1       0   0   0                            ADDI a0, s9, 0
10450 :      14553    0   1       0   0   0                            CALL 10600
10454 :      14553    0   1       0   0   0                            ADDI s8, a0, 0
10458 :      14553    0   1       0   0   0                            BGE zero, a0, 10520
1045c :      14552    0   1       0   0   0                            LUI a5, 0x2
10460 :      14552    0   1       0   0   0                            ADDI a5, a5, -192
10464 :      14552    0   1       0   0   0                            ADD a5, a5, s10
10468 :      14552    0   1       0   0   0                            ADD s7, a5, sp
1046c :      14552    0   1       0   0   0                            ADDI s6, zero, 0
10470 :      14552    0   1       0   0   0                            J 10510
10474 :          0    0   0       0   0   0                            LUI a0, 0x11
10478 :          0    0   0       0   0   0                            ADDI a0, a0, -1732
1047c :          0    0   0       0   0   0                            CALL 10688
10480 :          0    0   0       0   0   0                            ADDI a0, zero, -1
10484 :          0    0   0       0   0   0                            CALL 105f0
10488 :          0    0   0       0   0   0                            J 103e4
1048c :          0    0   0       0   0   0                            LUI a0, 0x11
10490 :          0    0   0       0   0   0                            ADDI a0, a0, -1692
10494 :          0    0   0       0   0   0                            CALL 10688
10498 :          0    0   0       0   0   0                            J 103fc
1049c :          0    0   0       0   0   0                            LUI a0, 0x11
104a0 :          0    0   0       0   0   0                            ADDI a0, a0, -1660
104a4 :          0    0   0       0   0   0                            CALL 10688
104a8 :          0    0   0       0   0   0                            J 10414
104ac :        501    0   1       0   0   0                            SUB s4, zero, a0
104b0 :        501    0   1       0   0   0                            J 104e8
104b4 :       1652    0   1       0   0   0                            ADDI a0, s1, 0
104b8 :       1652    0   1       0   0   0                            CALL 10304
104bc :       1652    0   1       0   0   0                            ADDI s3, a0, 0
104c0 :       1652    0   1       0   0   0                            BGE zero, a0, 104f8
104c4 :       1652    0   1       0   0   0                            ADDI s0, a0, 0
104c8 :       1652    0   1       0   0   0                            ADDI a2, s0, 0
104cc :       1652    0   1       0   0   0                            ADDI a1, s1, 0
104d0 :       1652    0   1       0   0   0                            ADDI a0, s2, 0
104d4 :       1652    0   1       0   0   0                            CALL 10628
104d8 :       1652    0   1       0   0   0                            SUB s0, s0, a0
104dc :       1652    0   1       0   0   0                            BLT zero, s0, 104c8
104e0 :       1652    0   1       0   0   0                            SUB s4, s4, s3
104e4 :       1652    0   1       0   0   0                            BGE zero, s4, 10504
104e8 :       1652    0   1       0   0   0                            ADDI a1, s4, 0
104ec :       1652    0   1       0   0   0                            BGE s5, s4, 104b4
104f0 :       1151    0   1       0   0   0                            ADDI a1, s5, 0
104f4 :       1151    0   1       0   0   0                            J 104b4
104f8 :          0    0   0       0   0   0                            BEQ a0, zero, 10504
104fc :          0    0   0       0   0   0                            SUB s4, s4, a0
10500 :          0    0   0       0   0   0                            J 104e4
10504 :    1455108    0   1       0   0   0                            ADDI s6, s6, 1
10508 :    1455108    0   1       0   0   0                            ADDI s7, s7, 4
1050c :    1455108    0   1       0   0   0                            BEQ s8, s6, 10444
10510 :    1455108    0   6      87  10   1                            LW a0, 0(s7)
10514 :    1455108    5   1       0   0   0                            BLT a0, zero, 104ac
10518 :    1454607    0   1       0   0   0                            CALL 10094
1051c :    1454607    0   1       0   0   0                            J 10504
10520 :          1    0   1       0   0   0                            ADDI a0, s9, 0
10524 :          1    0   1       0   0   0                            CALL 10670
10528 :          1    0   1       0   0   0                            ADDI a0, s2, 0
1052c :          1    0   1       0   0   0                            CALL 10670
10530 :          1    0   1       0   0   0                            LUI a5, 0x11
10534 :          1    0   4     100   0   0                            LW a0, 0(a5)
10538 :          1    0   1       0   0   0                            CALL 10344
1053c :          1    0   1       0   0   0                            LUI t0, 0x1
10540 :          1    0   1       0   0   0                            ADDI t0, t0, 1936
10544 :          1    0   1       0   0   0                            ADD sp, sp, t0
10548 :          1    0 113       0   0 100                            LW ra, 2028(sp)
1054c :          1    0   4     100   0   0                            LW s0, 2024(sp)
10550 :          1    0   4     100   0   0                            LW s1, 2020(sp)
10554 :          1    0   4     100   0   0                            LW s2, 2016(sp)
10558 :          1    0   4     100   0   0                            LW s3, 2012(sp)
1055c :          1    0   4     100   0   0                            LW s4, 2008(sp)
10560 :          1    0   4     100   0   0                            LW s5, 2004(sp)
10564 :          1    0   4     100   0   0                            LW s6, 2000(sp)
10568 :          1    0   4     100   0   0                            LW s7, 1996(sp)
1056c :          1    0   4     100   0   0                            LW s8, 1992(sp)
10570 :          1    0   4     100   0   0                            LW s9, 1988(sp)
10574 :          1    0   4     100   0   0                            LW s10, 1984(sp)
10578 :          1    0  25       0 100   0                            LW s11, 1980(sp)
1057c :          1    0   1       0   0   0                            ADDI sp, sp, 2032
10580 :          1   99   1       0   0   0                            RET
10584 :          1    0   1       0   0   0    _start              :   AUIPC gp, 0x1
10588 :          1    0   1       0   0   0                            ADDI gp, gp, 636
1058c :          1    0   1       0   0   0                            LUI a0, 0x1000
10590 :          1    0   1       0   0   0                            ADDI sp, a0, 0
10594 :          1    0   1       0   0   0                            LUI a0, 0x2000
10598 :          1    0   1       0   0   0                            CALL 107f8
1059c :          1    0   1       0   0   0                            LUI a0, 0x1000
105a0 :          1    0   1       0   0   0                            CALL 105a8
105a4 :          1    0   1       0   0   0                            CALL 105f0
105a8 :          1    0   1       0   0   0    args_to_main        :   ADDI sp, sp, -16
105ac :          1    0   1       0   0 100                            SW ra, 12(sp)
105b0 :          1    0   1       0   0   0                            ADDI a1, a0, 4
105b4 :          1    0  51       0   0 100                            LW a0, 0(a0)
105b8 :          1    0   1       0   0   0                            CALL 10394
105bc :          1    0   4     100   0   0                            LW ra, 12(sp)
105c0 :          1    0   1       0   0   0                            ADDI sp, sp, 16
105c4 :          1    2   1       0   0   0                            RET
105c8 :          0    0   0       0   0   0    inp                 :   ADDI a7, zero, 1
105cc :          0    0   0       0   0   0                            ECALL
105d0 :          0    0   0       0   0   0                            ADDI a0, a0, 0
105d4 :          0    0   0       0   0   0                            ANDI a0, a0, 255
105d8 :          0    0   0       0   0   0                            RET
105dc :          0    0   0       0   0   0    outp                :   ADDI a5, a0, 0
105e0 :          0    0   0       0   0   0                            ADDI a0, a5, 0
105e4 :          0    0   0       0   0   0                            ADDI a7, zero, 2
105e8 :          0    0   0       0   0   0                            ECALL
105ec :          0    0   0       0   0   0                            RET
105f0 :          1    0   1       0   0   0    terminate           :   ADDI a0, a0, 0
105f4 :          1    0   1       0   0   0                            ADDI a7, zero, 3
105f8 :          1    0   1       0   0   0                            ECALL
105fc :          0    0   0       0   0   0                            RET
10600 :      14553    0   1       0   0   0    read_int_buffer     :   ADDI a3, a0, 0
10604 :      14553    0   1       0   0   0                            ADDI a4, a1, 0
10608 :      14553    0   1       0   0   0                            ADDI a5, a2, 0
1060c :      14553    0   1       0   0   0                            ADDI a0, a3, 0
10610 :      14553    0   1       0   0   0                            ADDI a1, a4, 0
10614 :      14553    0   1       0   0   0                            ADDI a2, a5, 0
10618 :      14553    0   1       0   0   0                            ADDI a7, zero, 4
1061c :      14553    0   1       0   0   0                            ECALL
10620 :      14553    0   1       0   0   0                            ADDI a0, a0, 0
10624 :      14553    0   1       0   0   0                            RET
10628 :       1652    0   1       0   0   0    write_int_buffer    :   ADDI a3, a0, 0
1062c :       1652    0   1       0   0   0                            ADDI a4, a1, 0
10630 :       1652    0   1       0   0   0                            ADDI a5, a2, 0
10634 :       1652    0   1       0   0   0                            ADDI a0, a3, 0
10638 :       1652    0   1       0   0   0                            ADDI a1, a4, 0
1063c :       1652    0   1       0   0   0                            ADDI a2, a5, 0
10640 :       1652    0   1       0   0   0                            ADDI a7, zero, 5
10644 :       1652    0   1       0   0   0                            ECALL
10648 :       1652    0   1       0   0   0                            ADDI a0, a0, 0
1064c :       1652    0   1       0   0   0                            RET
10650 :          2    1   1       0   0   0    open_file           :   ADDI a4, a0, 0
10654 :          2    0   1       0   0   0                            ADDI a5, a1, 0
10658 :          2    0   1       0   0   0                            ADDI a0, a4, 0
1065c :          2    0   1       0   0   0                            ADDI a1, a5, 0
10660 :          2    0   1       0   0   0                            ADDI a7, zero, 6
10664 :          2    0   1       0   0   0                            ECALL
10668 :          2    0   1       0   0   0                            ADDI a0, a0, 0
1066c :          2    0   1       0   0   0                            RET
10670 :          2    0   1       0   0   0    close_file          :   ADDI a5, a0, 0
10674 :          2    0   1       0   0   0                            ADDI a0, a5, 0
10678 :          2    0   1       0   0   0                            ADDI a7, zero, 6
1067c :          2    0   1       0   0   0                            ECALL
10680 :          2    0   1       0   0   0                            ADDI a0, a0, 0
10684 :          2    0   1       0   0   0                            RET
10688 :          0    0   0       0   0   0    print_string        :   ADDI sp, sp, -16
1068c :          0    0   0       0   0   0                            SW ra, 12(sp)
10690 :          0    0   0       0   0   0                            SW s0, 8(sp)
10694 :          0    0   0       0   0   0                            ADDI s0, a0, 0
10698 :          0    0   0       0   0   0                            LBU a0, 0(a0)
1069c :          0    0   0       0   0   0                            BEQ a0, zero, 106b0
106a0 :          0    0   0       0   0   0                            ADDI s0, s0, 1
106a4 :          0    0   0       0   0   0                            CALL 105dc
106a8 :          0    0   0       0   0   0                            LBU a0, 0(s0)
106ac :          0    0   0       0   0   0                            BNE a0, zero, 106a0
106b0 :          0    0   0       0   0   0                            LW ra, 12(sp)
106b4 :          0    0   0       0   0   0                            LW s0, 8(sp)
106b8 :          0    0   0       0   0   0                            ADDI sp, sp, 16
106bc :          0    0   0       0   0   0                            RET
106c0 :          0    0   0       0   0   0    read_string         :   ADDI sp, sp, -32
106c4 :          0    0   0       0   0   0                            SW ra, 28(sp)
106c8 :          0    0   0       0   0   0                            SW s0, 24(sp)
106cc :          0    0   0       0   0   0                            SW s1, 20(sp)
106d0 :          0    0   0       0   0   0                            SW s2, 16(sp)
106d4 :          0    0   0       0   0   0                            SW s3, 12(sp)
106d8 :          0    0   0       0   0   0                            ADDI s0, a0, 0
106dc :          0    0   0       0   0   0                            ADDI s1, a1, 0
106e0 :          0    0   0       0   0   0                            CALL 105c8
106e4 :          0    0   0       0   0   0                            ADDI a5, zero, 10
106e8 :          0    0   0       0   0   0                            BEQ a0, a5, 10728
106ec :          0    0   0       0   0   0                            ADDI a5, zero, 13
106f0 :          0    0   0       0   0   0                            BEQ a0, a5, 10728
106f4 :          0    0   0       0   0   0                            ADDI a5, zero, 1
106f8 :          0    0   0       0   0   0                            BGE a5, s1, 10728
106fc :          0    0   0       0   0   0                            ADDI s1, s1, -1
10700 :          0    0   0       0   0   0                            ADD s1, s0, s1
10704 :          0    0   0       0   0   0                            ADDI s2, zero, 10
10708 :          0    0   0       0   0   0                            ADDI s3, zero, 13
1070c :          0    0   0       0   0   0                            ADDI s0, s0, 1
10710 :          0    0   0       0   0   0                            SB a0, -1(s0)
10714 :          0    0   0       0   0   0                            CALL 105c8
10718 :          0    0   0       0   0   0                            BEQ a0, s2, 10728
1071c :          0    0   0       0   0   0                            BEQ a0, s3, 10728
10720 :          0    0   0       0   0   0                            BNE s0, s1, 1070c
10724 :          0    0   0       0   0   0                            ADDI s0, s1, 0
10728 :          0    0   0       0   0   0                            SB zero, 0(s0)
1072c :          0    0   0       0   0   0                            LW ra, 28(sp)
10730 :          0    0   0       0   0   0                            LW s0, 24(sp)
10734 :          0    0   0       0   0   0                            LW s1, 20(sp)
10738 :          0    0   0       0   0   0                            LW s2, 16(sp)
1073c :          0    0   0       0   0   0                            LW s3, 12(sp)
10740 :          0    0   0       0   0   0                            ADDI sp, sp, 32
10744 :          0    0   0       0   0   0                            RET
10748 :          0    0   0       0   0   0    str_to_uns          :   ADDI a4, a0, 0
1074c :          0    0   0       0   0   0                            ADDI a3, a0, 1
10750 :          0    0   0       0   0   0                            LBU a5, 0(a0)
10754 :          0    0   0       0   0   0                            ADDI a0, a5, -48
10758 :          0    0   0       0   0   0                            LBU a4, 1(a4)
1075c :          0    0   0       0   0   0                            BEQ a4, zero, 10780
10760 :          0    0   0       0   0   0                            ADDI a3, a3, 1
10764 :          0    0   0       0   0   0                            SLLI a5, a0, 2
10768 :          0    0   0       0   0   0                            ADD a5, a5, a0
1076c :          0    0   0       0   0   0                            SLLI a5, a5, 1
10770 :          0    0   0       0   0   0                            ADD a5, a5, a4
10774 :          0    0   0       0   0   0                            ADDI a0, a5, -48
10778 :          0    0   0       0   0   0                            LBU a4, 0(a3)
1077c :          0    0   0       0   0   0                            BNE a4, zero, 10760
10780 :          0    0   0       0   0   0                            RET
10784 :          0    0   0       0   0   0    uns_to_str          :   ADDI a4, a0, 0
10788 :          0    0   0       0   0   0                            ADDI a3, a0, 0
1078c :          0    0   0       0   0   0                            ADDI a0, zero, 10
10790 :          0    0   0       0   0   0                            ADDI a6, zero, 9
10794 :          0    0   0       0   0   0                            BEQ a1, zero, 107e4
10798 :          0    0   0       0   0   0                            ADDI a5, a3, 0
1079c :          0    0   0       0   0   0                            ADDI a3, a3, 1
107a0 :          0    0   0       0   0   0                            REMU a2, a1, a0
107a4 :          0    0   0       0   0   0                            ADDI a2, a2, 48
107a8 :          0    0   0       0   0   0                            SB a2, -1(a3)
107ac :          0    0   0       0   0   0                            ADDI a2, a1, 0
107b0 :          0    0   0       0   0   0                            DIVU a1, a1, a0
107b4 :          0    0   0       0   0   0                            BLTU a6, a2, 10798
107b8 :          0    0   0       0   0   0                            SB zero, 0(a3)
107bc :          0    0   0       0   0   0                            SUB a0, a5, a4
107c0 :          0    0   0       0   0   0                            BGEU a4, a5, 107e0
107c4 :          0    0   0       0   0   0                            LBU a3, 0(a5)
107c8 :          0    0   0       0   0   0                            LBU a2, 0(a4)
107cc :          0    0   0       0   0   0                            SB a2, 0(a5)
107d0 :          0    0   0       0   0   0                            SB a3, 0(a4)
107d4 :          0    0   0       0   0   0                            ADDI a5, a5, -1
107d8 :          0    0   0       0   0   0                            ADDI a4, a4, 1
107dc :          0    0   0       0   0   0                            BLTU a4, a5, 107c4
107e0 :          0    0   0       0   0   0                            RET
107e4 :          0    0   0       0   0   0                            ADDI a5, zero, 48
107e8 :          0    0   0       0   0   0                            SB a5, 0(a4)
107ec :          0    0   0       0   0   0                            SB zero, 1(a4)
107f0 :          0    0   0       0   0   0                            ADDI a0, zero, 1
107f4 :          0    0   0       0   0   0                            RET
107f8 :          1    0   1       0   0   0    init_heap           :   LUI a5, 0x11
107fc :          1    0   1       0   0 100                            SW zero, 4(a5)
10800 :          1    0   1     100   0   0                            SW a0, -2040(gp)
10804 :          1    0   1       0   0   0                            RET
10808 :    2906900    0   1       0   0   0    allocate            :   LUI a5, 0x11
1080c :    2906900    0   4      95   4   0                            LW a5, 4(a5)
10810 :    2906900    3   1       0   0   0                            BNE a5, zero, 10840
10814 :          1    0   1       0   0   0                            LUI a5, 0x11
10818 :          1    0   1       0   0   0                            ADDI a4, zero, 1
1081c :          1    0   1     100   0   0                            SW a4, 4(a5)
10820 :          1    0   1       0   0   0                            LUI a5, 0x11
10824 :          1    0   1       0   0   0                            ADDI a5, a5, 12
10828 :          1    0   1       0   0   0                            LUI a4, 0x1
1082c :          1    0   1       0   0   0                            ADDI a4, a4, -2048
10830 :          1    0   1       0   0   0                            ADD a4, a5, a4
10834 :        512    0   1      93   0   6                            SW zero, 0(a5)
10838 :        512    0   1       0   0   0                            ADDI a5, a5, 4
1083c :        512    0   1       0   0   0                            BNE a5, a4, 10834
10840 :    2906900    0   1       0   0   0                            BGE zero, a0, 108f4
10844 :    2906900    0   1       0   0   0                            ADDI a4, a0, 4
10848 :    2906900    0   1       0   0   0                            ANDI a5, a4, 7
1084c :    2906900    0   1       0   0   0                            BEQ a5, zero, 1085c
10850 :    2906900    0   1       0   0   0                            XORI a5, a5, -1
10854 :    2906900    0   1       0   0   0                            AND a4, a5, a4
10858 :    2906900    0   1       0   0   0                            ADDI a4, a4, 8
1085c :    2906900    0   1       0   0   0                            SRAI a5, a4, 31
10860 :    2906900    0   1       0   0   0                            ANDI a5, a5, 7
10864 :    2906900    0   1       0   0   0                            ADD a5, a5, a4
10868 :    2906900    0   1       0   0   0                            SRAI a5, a5, 3
1086c :    2906900    0   1       0   0   0                            LUI a3, 0x1
10870 :    2906900    0   1       0   0   0                            BGE a4, a3, 108fc
10874 :    2906900    0   1       0   0   0                            SLLI a5, a5, 2
10878 :    2906900    0   1       0   0   0                            LUI a3, 0x11
1087c :    2906900    0   1       0   0   0                            ADDI a3, a3, 12
10880 :    2906900    0   1       0   0   0                            ADD a5, a5, a3
10884 :    2906900    0   4     100   0   0                            LW a3, 0(a5)
10888 :    2906900    3   1       0   0   0                            BEQ a3, zero, 108a4
1088c :    2906900    0   4     100   0   0                            LW a3, 0(a5)
10890 :    2906900    3  69       3  16  80                            LW a2, 0(a3)
10894 :    2906900    0   1      99   0   0                            SW a2, 0(a5)
10898 :    2906900    0   1      99   0   0                            SW a4, 0(a3)
1089c :    2906900    0   1       0   0   0                            ADDI a0, a3, 4
108a0 :    2906900    0   1       0   0   0                            RET
108a4 :       3992    0   1       0   0   0                            SLLI a3, a4, 2
108a8 :       3992    0   1       0   0   0                            ADD a3, a3, a4
108ac :       3992    0   1       0   0   0                            SLLI a3, a3, 1
108b0 :       3992    0   1       0   0   0                            ADDI a2, zero, 99
108b4 :       3992    0   1       0   0   0                            BLT a2, a3, 108c4
108b8 :          0    0   0       0   0   0                            ADDI a3, zero, 100
108bc :          0    0   0       0   0   0                            DIV a3, a3, a4
108c0 :          0    0   0       0   0   0                            MUL a3, a3, a4
108c4 :       3992    0   4     100   0   0                            LW a1, -2040(gp)
108c8 :       3992    3   1       0   0   0                            ADD a3, a1, a3
108cc :       3992    0   1     100   0   0                            SW a3, -2040(gp)
108d0 :       3992    0   1       0   0   0                            SUB a0, zero, a4
108d4 :       3992    0   1       0   0   0                            SUB a3, a3, a4
108d8 :       3992    0   1       0   0   0                            BLTU a3, a1, 1088c
108dc :      39920    0   4     100   0   0                            LW a2, 0(a5)
108e0 :      39920    0   1      64   0  35                            SW a2, 0(a3)
108e4 :      39920    0   1      99   0   0                            SW a3, 0(a5)
108e8 :      39920    0   1       0   0   0                            ADD a3, a3, a0
108ec :      39920    0   1       0   0   0                            BGEU a3, a1, 108dc
108f0 :       3992    0   1       0   0   0                            J 1088c
108f4 :          0    0   0       0   0   0                            ADDI a0, zero, 0
108f8 :          0    0   0       0   0   0                            RET
108fc :          0    0   0       0   0   0                            ADDI a0, zero, 0
10900 :          0    0   0       0   0   0                            RET
10904 :    2906900    0   4      99   0   0    release             :   LW a4, -4(a0)
10908 :    2906900    3   1       0   0   0                            SRAI a5, a4, 31
1090c :    2906900    0   1       0   0   0                            ANDI a5, a5, 7
10910 :    2906900    0   1       0   0   0                            ADD a5, a5, a4
10914 :    2906900    0   1       0   0   0                            SRAI a5, a5, 3
10918 :    2906900    0   1       0   0   0                            SLLI a5, a5, 2
1091c :    2906900    0   1       0   0   0                            LUI a4, 0x11
10920 :    2906900    0   1       0   0   0                            ADDI a4, a4, 12
10924 :    2906900    0   1       0   0   0                            ADD a5, a5, a4
10928 :    2906900    0   4      99   0   0                            LW a4, 0(a5)
1092c :    2906900    0   1      99   0   0                            SW a4, -4(a0)
10930 :    2906900    0   1       0   0   0                            ADDI a0, a0, -4
10934 :    2906900    0   1      99   0   0                            SW a0, 0(a5)
10938 :    2906900    0   1       0   0   0                            RET
1093c :          0    0   0       0   0   0                            Unknown Instruction
10940 :          0    0   0       0   0   0                            Unknown Instruction
10944 :          0    0   0       0   0   0                            Unknown Instruction
10948 :          0    0   0       0   0   0                            Unknown Instruction
1094c :          0    0   0       0   0   0                            Unknown Instruction
10950 :          0    0   0       0   0   0                            Unknown Instruction
10954 :          0    0   0       0   0   0                            Unknown Instruction
10958 :          0    0   0       0   0   0                            Unknown Instruction
1095c :          0    0   0       0   0   0                            Unknown Instruction
10960 :          0    0   0       0   0   0                            Unknown Instruction
10964 :          0    0   0       0   0   0                            Unknown Instruction
10968 :          0    0   0       0   0   0                            Unknown Instruction
1096c :          0    0   0       0   0   0                            Unknown Instruction
10970 :          0    0   0       0   0   0                            Unknown Instruction
10974 :          0    0   0       0   0   0                            Unknown Instruction
10978 :          0    0   0       0   0   0                            Unknown Instruction
1097c :          0    0   0       0   0   0                            Unknown Instruction
10980 :          0    0   0       0   0   0                            Unknown Instruction
10984 :          0    0   0       0   0   0                            Unknown Instruction
10988 :          0    0   0       0   0   0                            Unknown Instruction
1098c :          0    0   0       0   0   0                            Unknown Instruction
10990 :          0    0   0       0   0   0                            Unknown Instruction
10994 :          0    0   0       0   0   0                            Unknown Instruction
10998 :          0    0   0       0   0   0                            Unknown Instruction
1099c :          0    0   0       0   0   0                            Unknown Instruction
